<?xml version="1.0" encoding="UTF-8" standalone="no"?>
<testsuite failures="0" name="cucumber.runtime.formatter.JUnitFormatter" skipped="0" tests="1" time="12.490691">
<testcase classname="Validate OrangeHRM Smoke Test Scenarios" name="Validate OrangeHRM title" time="12.490691">
<system-out><![CDATA[Given Login Page Navigated..................................................passed
Then Correct title should be displayed......................................passed
]]></system-out>
</testcase>
</testsuite>
